# JRE version: Java(TM) SE Runtime Environment (8.0_121-b13) (build 1.8.0_121-b13)
# Java VM: Java HotSpot(TM) 64-Bit Server VM (25.121-b13 mixed mode windows-amd64 compressed oops)
Heap:
 PSYoungGen      total 852992K, used 323166K [0x000000076ab00000, 0x00000007c0000000, 0x00000007c0000000)
  eden space 465920K, 0% used [0x000000076ab00000,0x000000076ab00000,0x0000000787200000)
  from space 387072K, 83% used [0x00000007a8600000,0x00000007bc197b08,0x00000007c0000000)
  to   space 465920K, 0% used [0x0000000787200000,0x0000000787200000,0x00000007a3900000)
 ParOldGen       total 716800K, used 716625K [0x00000006c0000000, 0x00000006ebc00000, 0x000000076ab00000)
  object space 716800K, 99% used [0x00000006c0000000,0x00000006ebbd4430,0x00000006ebc00000)
 Metaspace       used 7141K, capacity 7736K, committed 7936K, reserved 1056768K
  class space    used 661K, capacity 688K, committed 768K, reserved 1048576K
GC Heap History (10 events):
Event: 23.957 GC heap after
Heap after GC invocations=20 (full 4):
 PSYoungGen      total 948736K, used 207416K [0x000000076ab00000, 0x00000007c0000000, 0x00000007c0000000)
  eden space 704000K, 0% used [0x000000076ab00000,0x000000076ab00000,0x0000000795a80000)
  from space 244736K, 84% used [0x00000007a8c80000,0x00000007b570e178,0x00000007b7b80000)
  to   space 313344K, 0% used [0x0000000795a80000,0x0000000795a80000,0x00000007a8c80000)
 ParOldGen       total 711680K, used 475750K [0x00000006c0000000, 0x00000006eb700000, 0x000000076ab00000)
  object space 711680K, 66% used [0x00000006c0000000,0x00000006dd099960,0x00000006eb700000)
 Metaspace       used 6751K, capacity 7384K, committed 7680K, reserved 1056768K
  class space    used 641K, capacity 656K, committed 768K, reserved 1048576K
}
Event: 25.290 GC heap before
{Heap before GC invocations=21 (full 4):
 PSYoungGen      total 948736K, used 911416K [0x000000076ab00000, 0x00000007c0000000, 0x00000007c0000000)
  eden space 704000K, 100% used [0x000000076ab00000,0x0000000795a80000,0x0000000795a80000)
  from space 244736K, 84% used [0x00000007a8c80000,0x00000007b570e178,0x00000007b7b80000)
  to   space 313344K, 0% used [0x0000000795a80000,0x0000000795a80000,0x00000007a8c80000)
 ParOldGen       total 711680K, used 475750K [0x00000006c0000000, 0x00000006eb700000, 0x000000076ab00000)
  object space 711680K, 66% used [0x00000006c0000000,0x00000006dd099960,0x00000006eb700000)
 Metaspace       used 6762K, capacity 7384K, committed 7680K, reserved 1056768K
  class space    used 641K, capacity 656K, committed 768K, reserved 1048576K
Event: 25.776 GC heap after
Heap after GC invocations=21 (full 4):
 PSYoungGen      total 1017344K, used 224548K [0x000000076ab00000, 0x00000007c0000000, 0x00000007c0000000)
  eden space 704000K, 0% used [0x000000076ab00000,0x000000076ab00000,0x0000000795a80000)
  from space 313344K, 71% used [0x0000000795a80000,0x00000007a35c90e8,0x00000007a8c80000)
  to   space 334848K, 0% used [0x00000007ab900000,0x00000007ab900000,0x00000007c0000000)
 ParOldGen       total 711680K, used 563931K [0x00000006c0000000, 0x00000006eb700000, 0x000000076ab00000)
  object space 711680K, 79% used [0x00000006c0000000,0x00000006e26b6f68,0x00000006eb700000)
 Metaspace       used 6762K, capacity 7384K, committed 7680K, reserved 1056768K
  class space    used 641K, capacity 656K, committed 768K, reserved 1048576K
}
Event: 27.387 GC heap before
{Heap before GC invocations=22 (full 4):
 PSYoungGen      total 1017344K, used 928548K [0x000000076ab00000, 0x00000007c0000000, 0x00000007c0000000)
  eden space 704000K, 100% used [0x000000076ab00000,0x0000000795a80000,0x0000000795a80000)
  from space 313344K, 71% used [0x0000000795a80000,0x00000007a35c90e8,0x00000007a8c80000)
  to   space 334848K, 0% used [0x00000007ab900000,0x00000007ab900000,0x00000007c0000000)
 ParOldGen       total 711680K, used 563931K [0x00000006c0000000, 0x00000006eb700000, 0x000000076ab00000)
  object space 711680K, 79% used [0x00000006c0000000,0x00000006e26b6f68,0x00000006eb700000)
 Metaspace       used 6870K, capacity 7448K, committed 7680K, reserved 1056768K
  class space    used 647K, capacity 656K, committed 768K, reserved 1048576K
Event: 27.758 GC heap after
Heap after GC invocations=22 (full 4):
 PSYoungGen      total 958464K, used 320791K [0x000000076ab00000, 0x00000007c0000000, 0x00000007c0000000)
  eden space 623616K, 0% used [0x000000076ab00000,0x000000076ab00000,0x0000000790c00000)
  from space 334848K, 95% used [0x00000007ab900000,0x00000007bf245f10,0x00000007c0000000)
  to   space 387072K, 0% used [0x0000000790c00000,0x0000000790c00000,0x00000007a8600000)
 ParOldGen       total 711680K, used 563931K [0x00000006c0000000, 0x00000006eb700000, 0x000000076ab00000)
  object space 711680K, 79% used [0x00000006c0000000,0x00000006e26b6f68,0x00000006eb700000)
 Metaspace       used 6870K, capacity 7448K, committed 7680K, reserved 1056768K
  class space    used 647K, capacity 656K, committed 768K, reserved 1048576K
}
Event: 28.849 GC heap before
{Heap before GC invocations=23 (full 4):
 PSYoungGen      total 958464K, used 944407K [0x000000076ab00000, 0x00000007c0000000, 0x00000007c0000000)
  eden space 623616K, 100% used [0x000000076ab00000,0x0000000790c00000,0x0000000790c00000)
  from space 334848K, 95% used [0x00000007ab900000,0x00000007bf245f10,0x00000007c0000000)
  to   space 387072K, 0% used [0x0000000790c00000,0x0000000790c00000,0x00000007a8600000)
 ParOldGen       total 711680K, used 563931K [0x00000006c0000000, 0x00000006eb700000, 0x000000076ab00000)
  object space 711680K, 79% used [0x00000006c0000000,0x00000006e26b6f68,0x00000006eb700000)
 Metaspace       used 6872K, capacity 7448K, committed 7680K, reserved 1056768K
  class space    used 648K, capacity 656K, committed 768K, reserved 1048576K
Event: 29.344 GC heap after
Heap after GC invocations=23 (full 4):
 PSYoungGen      total 1010688K, used 387052K [0x000000076ab00000, 0x00000007c0000000, 0x00000007c0000000)
  eden space 623616K, 0% used [0x000000076ab00000,0x000000076ab00000,0x0000000790c00000)
  from space 387072K, 99% used [0x0000000790c00000,0x00000007a85fb2c0,0x00000007a8600000)
  to   space 387072K, 0% used [0x00000007a8600000,0x00000007a8600000,0x00000007c0000000)
 ParOldGen       total 711680K, used 596795K [0x00000006c0000000, 0x00000006eb700000, 0x000000076ab00000)
  object space 711680K, 83% used [0x00000006c0000000,0x00000006e46cece0,0x00000006eb700000)
 Metaspace       used 6872K, capacity 7448K, committed 7680K, reserved 1056768K
  class space    used 648K, capacity 656K, committed 768K, reserved 1048576K
}
Event: 31.460 GC heap before
{Heap before GC invocations=24 (full 4):
 PSYoungGen      total 1010688K, used 1010668K [0x000000076ab00000, 0x00000007c0000000, 0x00000007c0000000)
  eden space 623616K, 100% used [0x000000076ab00000,0x0000000790c00000,0x0000000790c00000)
  from space 387072K, 99% used [0x0000000790c00000,0x00000007a85fb2c0,0x00000007a8600000)
  to   space 387072K, 0% used [0x00000007a8600000,0x00000007a8600000,0x00000007c0000000)
 ParOldGen       total 711680K, used 596795K [0x00000006c0000000, 0x00000006eb700000, 0x000000076ab00000)
  object space 711680K, 83% used [0x00000006c0000000,0x00000006e46cece0,0x00000006eb700000)
 Metaspace       used 7141K, capacity 7736K, committed 7936K, reserved 1056768K
  class space    used 661K, capacity 688K, committed 768K, reserved 1048576K
Event: 31.916 GC heap after
Heap after GC invocations=24 (full 4):
 PSYoungGen      total 852992K, used 323166K [0x000000076ab00000, 0x00000007c0000000, 0x00000007c0000000)
  eden space 465920K, 0% used [0x000000076ab00000,0x000000076ab00000,0x0000000787200000)
  from space 387072K, 83% used [0x00000007a8600000,0x00000007bc197b08,0x00000007c0000000)
  to   space 465920K, 0% used [0x0000000787200000,0x0000000787200000,0x00000007a3900000)
 ParOldGen       total 716800K, used 716625K [0x00000006c0000000, 0x00000006ebc00000, 0x000000076ab00000)
  object space 716800K, 99% used [0x00000006c0000000,0x00000006ebbd4430,0x00000006ebc00000)
 Metaspace       used 7141K, capacity 7736K, committed 7936K, reserved 1056768K
  class space    used 661K, capacity 688K, committed 768K, reserved 1048576K
}
Event: 31.916 GC heap before
{Heap before GC invocations=25 (full 5):
 PSYoungGen      total 852992K, used 323166K [0x000000076ab00000, 0x00000007c0000000, 0x00000007c0000000)
  eden space 465920K, 0% used [0x000000076ab00000,0x000000076ab00000,0x0000000787200000)
  from space 387072K, 83% used [0x00000007a8600000,0x00000007bc197b08,0x00000007c0000000)
  to   space 465920K, 0% used [0x0000000787200000,0x0000000787200000,0x00000007a3900000)
 ParOldGen       total 716800K, used 716625K [0x00000006c0000000, 0x00000006ebc00000, 0x000000076ab00000)
  object space 716800K, 99% used [0x00000006c0000000,0x00000006ebbd4430,0x00000006ebc00000)
 Metaspace       used 7141K, capacity 7736K, committed 7936K, reserved 1056768K
  class space    used 661K, capacity 688K, committed 768K, reserved 1048576K

