# JRE version: OpenJDK Runtime Environment (8.0_112-b06) (build 1.8.0_112-release-b06)
# Java VM: OpenJDK 64-Bit Server VM (25.112-b06 mixed mode bsd-amd64 compressed oops)
Heap:
 PSYoungGen      total 1127936K, used 1127924K [0x000000076ab00000, 0x00000007c0000000, 0x00000007c0000000)
  eden space 993792K, 100% used [0x000000076ab00000,0x00000007a7580000,0x00000007a7580000)
  from space 134144K, 99% used [0x00000007a7580000,0x00000007af87d360,0x00000007af880000)
  to   space 182784K, 12% used [0x00000007b4d80000,0x00000007b638e5c8,0x00000007c0000000)
 ParOldGen       total 337920K, used 278811K [0x00000006c0000000, 0x00000006d4a00000, 0x000000076ab00000)
  object space 337920K, 82% used [0x00000006c0000000,0x00000006d1046c20,0x00000006d4a00000)
 Metaspace       used 6459K, capacity 7344K, committed 7552K, reserved 1056768K
  class space    used 590K, capacity 616K, committed 640K, reserved 1048576K
GC Heap History (10 events):
Event: 6.613 GC heap after
Heap after GC invocations=6 (full 0):
 PSYoungGen      total 569856K, used 46338K [0x000000076ab00000, 0x0000000792600000, 0x00000007c0000000)
  eden space 515584K, 0% used [0x000000076ab00000,0x000000076ab00000,0x000000078a280000)
  from space 54272K, 85% used [0x000000078e000000,0x0000000790d40828,0x0000000791500000)
  to   space 62976K, 0% used [0x000000078a280000,0x000000078a280000,0x000000078e000000)
 ParOldGen       total 175104K, used 69345K [0x00000006c0000000, 0x00000006cab00000, 0x000000076ab00000)
  object space 175104K, 39% used [0x00000006c0000000,0x00000006c43b8570,0x00000006cab00000)
 Metaspace       used 6335K, capacity 7280K, committed 7552K, reserved 1056768K
  class space    used 586K, capacity 616K, committed 640K, reserved 1048576K
}
Event: 8.646 GC heap before
{Heap before GC invocations=7 (full 0):
 PSYoungGen      total 569856K, used 561922K [0x000000076ab00000, 0x0000000792600000, 0x00000007c0000000)
  eden space 515584K, 100% used [0x000000076ab00000,0x000000078a280000,0x000000078a280000)
  from space 54272K, 85% used [0x000000078e000000,0x0000000790d40828,0x0000000791500000)
  to   space 62976K, 0% used [0x000000078a280000,0x000000078a280000,0x000000078e000000)
 ParOldGen       total 175104K, used 69345K [0x00000006c0000000, 0x00000006cab00000, 0x000000076ab00000)
  object space 175104K, 39% used [0x00000006c0000000,0x00000006c43b8570,0x00000006cab00000)
 Metaspace       used 6366K, capacity 7280K, committed 7552K, reserved 1056768K
  class space    used 586K, capacity 616K, committed 640K, reserved 1048576K
Event: 8.875 GC heap after
Heap after GC invocations=7 (full 0):
 PSYoungGen      total 578560K, used 62975K [0x000000076ab00000, 0x00000007b5700000, 0x00000007c0000000)
  eden space 515584K, 0% used [0x000000076ab00000,0x000000076ab00000,0x000000078a280000)
  from space 62976K, 99% used [0x000000078a280000,0x000000078dfffce0,0x000000078e000000)
  to   space 96768K, 0% used [0x00000007af880000,0x00000007af880000,0x00000007b5700000)
 ParOldGen       total 175104K, used 109463K [0x00000006c0000000, 0x00000006cab00000, 0x000000076ab00000)
  object space 175104K, 62% used [0x00000006c0000000,0x00000006c6ae5fe8,0x00000006cab00000)
 Metaspace       used 6366K, capacity 7280K, committed 7552K, reserved 1056768K
  class space    used 586K, capacity 616K, committed 640K, reserved 1048576K
}
Event: 11.248 GC heap before
{Heap before GC invocations=8 (full 0):
 PSYoungGen      total 578560K, used 578559K [0x000000076ab00000, 0x00000007b5700000, 0x00000007c0000000)
  eden space 515584K, 100% used [0x000000076ab00000,0x000000078a280000,0x000000078a280000)
  from space 62976K, 99% used [0x000000078a280000,0x000000078dfffce0,0x000000078e000000)
  to   space 96768K, 0% used [0x00000007af880000,0x00000007af880000,0x00000007b5700000)
 ParOldGen       total 175104K, used 109463K [0x00000006c0000000, 0x00000006cab00000, 0x000000076ab00000)
  object space 175104K, 62% used [0x00000006c0000000,0x00000006c6ae5fe8,0x00000006cab00000)
 Metaspace       used 6383K, capacity 7280K, committed 7552K, reserved 1056768K
  class space    used 586K, capacity 616K, committed 640K, reserved 1048576K
Event: 11.612 GC heap after
Heap after GC invocations=8 (full 0):
 PSYoungGen      total 1090560K, used 96746K [0x000000076ab00000, 0x00000007ba000000, 0x00000007c0000000)
  eden space 993792K, 0% used [0x000000076ab00000,0x000000076ab00000,0x00000007a7580000)
  from space 96768K, 99% used [0x00000007af880000,0x00000007b56fa9a8,0x00000007b5700000)
  to   space 134144K, 0% used [0x00000007a7580000,0x00000007a7580000,0x00000007af880000)
 ParOldGen       total 175104K, used 151340K [0x00000006c0000000, 0x00000006cab00000, 0x000000076ab00000)
  object space 175104K, 86% used [0x00000006c0000000,0x00000006c93cb168,0x00000006cab00000)
 Metaspace       used 6383K, capacity 7280K, committed 7552K, reserved 1056768K
  class space    used 586K, capacity 616K, committed 640K, reserved 1048576K
}
Event: 11.612 GC heap before
{Heap before GC invocations=9 (full 1):
 PSYoungGen      total 1090560K, used 96746K [0x000000076ab00000, 0x00000007ba000000, 0x00000007c0000000)
  eden space 993792K, 0% used [0x000000076ab00000,0x000000076ab00000,0x00000007a7580000)
  from space 96768K, 99% used [0x00000007af880000,0x00000007b56fa9a8,0x00000007b5700000)
  to   space 134144K, 0% used [0x00000007a7580000,0x00000007a7580000,0x00000007af880000)
 ParOldGen       total 175104K, used 151340K [0x00000006c0000000, 0x00000006cab00000, 0x000000076ab00000)
  object space 175104K, 86% used [0x00000006c0000000,0x00000006c93cb168,0x00000006cab00000)
 Metaspace       used 6383K, capacity 7280K, committed 7552K, reserved 1056768K
  class space    used 586K, capacity 616K, committed 640K, reserved 1048576K
Event: 13.719 GC heap after
Heap after GC invocations=9 (full 1):
 PSYoungGen      total 1090560K, used 61736K [0x000000076ab00000, 0x00000007ba000000, 0x00000007c0000000)
  eden space 993792K, 0% used [0x000000076ab00000,0x000000076ab00000,0x00000007a7580000)
  from space 96768K, 63% used [0x00000007af880000,0x00000007b34ca190,0x00000007b5700000)
  to   space 134144K, 0% used [0x00000007a7580000,0x00000007a7580000,0x00000007af880000)
 ParOldGen       total 337920K, used 175001K [0x00000006c0000000, 0x00000006d4a00000, 0x000000076ab00000)
  object space 337920K, 51% used [0x00000006c0000000,0x00000006caae67f8,0x00000006d4a00000)
 Metaspace       used 6383K, capacity 7280K, committed 7552K, reserved 1056768K
  class space    used 586K, capacity 616K, committed 640K, reserved 1048576K
}
Event: 17.860 GC heap before
{Heap before GC invocations=10 (full 1):
 PSYoungGen      total 1090560K, used 1055528K [0x000000076ab00000, 0x00000007ba000000, 0x00000007c0000000)
  eden space 993792K, 100% used [0x000000076ab00000,0x00000007a7580000,0x00000007a7580000)
  from space 96768K, 63% used [0x00000007af880000,0x00000007b34ca190,0x00000007b5700000)
  to   space 134144K, 0% used [0x00000007a7580000,0x00000007a7580000,0x00000007af880000)
 ParOldGen       total 337920K, used 175001K [0x00000006c0000000, 0x00000006d4a00000, 0x000000076ab00000)
  object space 337920K, 51% used [0x00000006c0000000,0x00000006caae67f8,0x00000006d4a00000)
 Metaspace       used 6401K, capacity 7280K, committed 7552K, reserved 1056768K
  class space    used 586K, capacity 616K, committed 640K, reserved 1048576K
Event: 18.295 GC heap after
Heap after GC invocations=10 (full 1):
 PSYoungGen      total 1127936K, used 134132K [0x000000076ab00000, 0x00000007c0000000, 0x00000007c0000000)
  eden space 993792K, 0% used [0x000000076ab00000,0x000000076ab00000,0x00000007a7580000)
  from space 134144K, 99% used [0x00000007a7580000,0x00000007af87d360,0x00000007af880000)
  to   space 182784K, 0% used [0x00000007b4d80000,0x00000007b4d80000,0x00000007c0000000)
 ParOldGen       total 337920K, used 233487K [0x00000006c0000000, 0x00000006d4a00000, 0x000000076ab00000)
  object space 337920K, 69% used [0x00000006c0000000,0x00000006ce403fc0,0x00000006d4a00000)
 Metaspace       used 6401K, capacity 7280K, committed 7552K, reserved 1056768K
  class space    used 586K, capacity 616K, committed 640K, reserved 1048576K
}
Event: 21.978 GC heap before
{Heap before GC invocations=11 (full 1):
 PSYoungGen      total 1127936K, used 1127924K [0x000000076ab00000, 0x00000007c0000000, 0x00000007c0000000)
  eden space 993792K, 100% used [0x000000076ab00000,0x00000007a7580000,0x00000007a7580000)
  from space 134144K, 99% used [0x00000007a7580000,0x00000007af87d360,0x00000007af880000)
  to   space 182784K, 0% used [0x00000007b4d80000,0x00000007b4d80000,0x00000007c0000000)
 ParOldGen       total 337920K, used 233487K [0x00000006c0000000, 0x00000006d4a00000, 0x000000076ab00000)
  object space 337920K, 69% used [0x00000006c0000000,0x00000006ce403fc0,0x00000006d4a00000)
 Metaspace       used 6459K, capacity 7344K, committed 7552K, reserved 1056768K
  class space    used 590K, capacity 616K, committed 640K, reserved 1048576K

